The system is: Linux - 4.19.0-arm64-desktop - aarch64
Compiling the C compiler identification source file "CMakeCCompilerId.c" succeeded.
Compiler: /usr/bin/cc 
Build flags: 
Id flags:  

The output was:
0


Compilation of the C compiler identification source "CMakeCCompilerId.c" produced "a.out"

The C compiler identification is GNU, found in "/home/bai/Desktop/freerdp-3.6.2/freerdp-build/CMakeFiles/3.13.4/CompilerIdC/a.out"

Determining if the C compiler works passed with the following output:
Change Dir: /home/bai/Desktop/freerdp-3.6.2/freerdp-build/CMakeFiles/CMakeTmp

Run Build Command:"/usr/bin/ninja" "cmTC_f5705"
[1/2] Building C object CMakeFiles/cmTC_f5705.dir/testCCompiler.c.o
[2/2] Linking C executable cmTC_f5705


Detecting C compiler ABI info compiled with the following output:
Change Dir: /home/bai/Desktop/freerdp-3.6.2/freerdp-build/CMakeFiles/CMakeTmp

Run Build Command:"/usr/bin/ninja" "cmTC_37bc9"
[1/2] Building C object CMakeFiles/cmTC_37bc9.dir/CMakeCCompilerABI.c.o
[2/2] Linking C executable cmTC_37bc9
Using built-in specs.
COLLECT_GCC=/usr/bin/cc
COLLECT_LTO_WRAPPER=/usr/lib/gcc/aarch64-linux-gnu/8/lto-wrapper
Target: aarch64-linux-gnu
Configured with: ../src/configure -v --with-pkgversion='Uos 8.3.0.10-deepin1' --with-bugurl=file:///usr/share/doc/gcc-8/README.Bugs --enable-languages=c,ada,c++,go,d,fortran,objc,obj-c++ --prefix=/usr --with-gcc-major-version-only --program-suffix=-8 --program-prefix=aarch64-linux-gnu- --enable-shared --enable-linker-build-id --libexecdir=/usr/lib --without-included-gettext --enable-threads=posix --libdir=/usr/lib --enable-nls --enable-bootstrap --enable-clocale=gnu --enable-libstdcxx-debug --enable-libstdcxx-time=yes --with-default-libstdcxx-abi=new --enable-gnu-unique-object --disable-libquadmath --disable-libquadmath-support --enable-plugin --with-system-zlib --disable-libphobos --enable-multiarch --enable-fix-cortex-a53-843419 --disable-werror --enable-checking=release --build=aarch64-linux-gnu --host=aarch64-linux-gnu --target=aarch64-linux-gnu
Thread model: posix
gcc version 8.3.0 (Uos 8.3.0.10-deepin1) 
COMPILER_PATH=/usr/lib/gcc/aarch64-linux-gnu/8/:/usr/lib/gcc/aarch64-linux-gnu/8/:/usr/lib/gcc/aarch64-linux-gnu/:/usr/lib/gcc/aarch64-linux-gnu/8/:/usr/lib/gcc/aarch64-linux-gnu/
LIBRARY_PATH=/usr/lib/gcc/aarch64-linux-gnu/8/:/usr/lib/gcc/aarch64-linux-gnu/8/../../../aarch64-linux-gnu/:/usr/lib/gcc/aarch64-linux-gnu/8/../../../../lib/:/lib/aarch64-linux-gnu/:/lib/../lib/:/usr/lib/aarch64-linux-gnu/:/usr/lib/../lib/:/usr/lib/gcc/aarch64-linux-gnu/8/../../../:/lib/:/usr/lib/
COLLECT_GCC_OPTIONS='-v' '-o' 'cmTC_37bc9' '-mlittle-endian' '-mabi=lp64'
 /usr/lib/gcc/aarch64-linux-gnu/8/collect2 -plugin /usr/lib/gcc/aarch64-linux-gnu/8/liblto_plugin.so -plugin-opt=/usr/lib/gcc/aarch64-linux-gnu/8/lto-wrapper -plugin-opt=-fresolution=/tmp/ccAg6hfU.res -plugin-opt=-pass-through=-lgcc -plugin-opt=-pass-through=-lgcc_s -plugin-opt=-pass-through=-lc -plugin-opt=-pass-through=-lgcc -plugin-opt=-pass-through=-lgcc_s --build-id --eh-frame-hdr --hash-style=gnu -dynamic-linker /lib/ld-linux-aarch64.so.1 -X -EL -maarch64linux --fix-cortex-a53-843419 -o cmTC_37bc9 /usr/lib/gcc/aarch64-linux-gnu/8/../../../aarch64-linux-gnu/crt1.o /usr/lib/gcc/aarch64-linux-gnu/8/../../../aarch64-linux-gnu/crti.o /usr/lib/gcc/aarch64-linux-gnu/8/crtbegin.o -L/usr/lib/gcc/aarch64-linux-gnu/8 -L/usr/lib/gcc/aarch64-linux-gnu/8/../../../aarch64-linux-gnu -L/usr/lib/gcc/aarch64-linux-gnu/8/../../../../lib -L/lib/aarch64-linux-gnu -L/lib/../lib -L/usr/lib/aarch64-linux-gnu -L/usr/lib/../lib -L/usr/lib/gcc/aarch64-linux-gnu/8/../../.. CMakeFiles/cmTC_37bc9.dir/CMakeCCompilerABI.c.o -lgcc --push-state --as-needed -lgcc_s --pop-state -lc -lgcc --push-state --as-needed -lgcc_s --pop-state /usr/lib/gcc/aarch64-linux-gnu/8/crtend.o /usr/lib/gcc/aarch64-linux-gnu/8/../../../aarch64-linux-gnu/crtn.o
COLLECT_GCC_OPTIONS='-v' '-o' 'cmTC_37bc9' '-mlittle-endian' '-mabi=lp64'


Parsed C implicit link information from above output:
  link line regex: [^( *|.*[/\])(ld|CMAKE_LINK_STARTFILE-NOTFOUND|([^/\]+-)?ld|collect2)[^/\]*( |$)]
  ignore line: [Change Dir: /home/bai/Desktop/freerdp-3.6.2/freerdp-build/CMakeFiles/CMakeTmp]
  ignore line: []
  ignore line: [Run Build Command:"/usr/bin/ninja" "cmTC_37bc9"]
  ignore line: [[1/2] Building C object CMakeFiles/cmTC_37bc9.dir/CMakeCCompilerABI.c.o]
  ignore line: [[2/2] Linking C executable cmTC_37bc9]
  ignore line: [Using built-in specs.]
  ignore line: [COLLECT_GCC=/usr/bin/cc]
  ignore line: [COLLECT_LTO_WRAPPER=/usr/lib/gcc/aarch64-linux-gnu/8/lto-wrapper]
  ignore line: [Target: aarch64-linux-gnu]
  ignore line: [Configured with: ../src/configure -v --with-pkgversion='Uos 8.3.0.10-deepin1' --with-bugurl=file:///usr/share/doc/gcc-8/README.Bugs --enable-languages=c,ada,c++,go,d,fortran,objc,obj-c++ --prefix=/usr --with-gcc-major-version-only --program-suffix=-8 --program-prefix=aarch64-linux-gnu- --enable-shared --enable-linker-build-id --libexecdir=/usr/lib --without-included-gettext --enable-threads=posix --libdir=/usr/lib --enable-nls --enable-bootstrap --enable-clocale=gnu --enable-libstdcxx-debug --enable-libstdcxx-time=yes --with-default-libstdcxx-abi=new --enable-gnu-unique-object --disable-libquadmath --disable-libquadmath-support --enable-plugin --with-system-zlib --disable-libphobos --enable-multiarch --enable-fix-cortex-a53-843419 --disable-werror --enable-checking=release --build=aarch64-linux-gnu --host=aarch64-linux-gnu --target=aarch64-linux-gnu]
  ignore line: [Thread model: posix]
  ignore line: [gcc version 8.3.0 (Uos 8.3.0.10-deepin1) ]
  ignore line: [COMPILER_PATH=/usr/lib/gcc/aarch64-linux-gnu/8/:/usr/lib/gcc/aarch64-linux-gnu/8/:/usr/lib/gcc/aarch64-linux-gnu/:/usr/lib/gcc/aarch64-linux-gnu/8/:/usr/lib/gcc/aarch64-linux-gnu/]
  ignore line: [LIBRARY_PATH=/usr/lib/gcc/aarch64-linux-gnu/8/:/usr/lib/gcc/aarch64-linux-gnu/8/../../../aarch64-linux-gnu/:/usr/lib/gcc/aarch64-linux-gnu/8/../../../../lib/:/lib/aarch64-linux-gnu/:/lib/../lib/:/usr/lib/aarch64-linux-gnu/:/usr/lib/../lib/:/usr/lib/gcc/aarch64-linux-gnu/8/../../../:/lib/:/usr/lib/]
  ignore line: [COLLECT_GCC_OPTIONS='-v' '-o' 'cmTC_37bc9' '-mlittle-endian' '-mabi=lp64']
  link line: [ /usr/lib/gcc/aarch64-linux-gnu/8/collect2 -plugin /usr/lib/gcc/aarch64-linux-gnu/8/liblto_plugin.so -plugin-opt=/usr/lib/gcc/aarch64-linux-gnu/8/lto-wrapper -plugin-opt=-fresolution=/tmp/ccAg6hfU.res -plugin-opt=-pass-through=-lgcc -plugin-opt=-pass-through=-lgcc_s -plugin-opt=-pass-through=-lc -plugin-opt=-pass-through=-lgcc -plugin-opt=-pass-through=-lgcc_s --build-id --eh-frame-hdr --hash-style=gnu -dynamic-linker /lib/ld-linux-aarch64.so.1 -X -EL -maarch64linux --fix-cortex-a53-843419 -o cmTC_37bc9 /usr/lib/gcc/aarch64-linux-gnu/8/../../../aarch64-linux-gnu/crt1.o /usr/lib/gcc/aarch64-linux-gnu/8/../../../aarch64-linux-gnu/crti.o /usr/lib/gcc/aarch64-linux-gnu/8/crtbegin.o -L/usr/lib/gcc/aarch64-linux-gnu/8 -L/usr/lib/gcc/aarch64-linux-gnu/8/../../../aarch64-linux-gnu -L/usr/lib/gcc/aarch64-linux-gnu/8/../../../../lib -L/lib/aarch64-linux-gnu -L/lib/../lib -L/usr/lib/aarch64-linux-gnu -L/usr/lib/../lib -L/usr/lib/gcc/aarch64-linux-gnu/8/../../.. CMakeFiles/cmTC_37bc9.dir/CMakeCCompilerABI.c.o -lgcc --push-state --as-needed -lgcc_s --pop-state -lc -lgcc --push-state --as-needed -lgcc_s --pop-state /usr/lib/gcc/aarch64-linux-gnu/8/crtend.o /usr/lib/gcc/aarch64-linux-gnu/8/../../../aarch64-linux-gnu/crtn.o]
    arg [/usr/lib/gcc/aarch64-linux-gnu/8/collect2] ==> ignore
    arg [-plugin] ==> ignore
    arg [/usr/lib/gcc/aarch64-linux-gnu/8/liblto_plugin.so] ==> ignore
    arg [-plugin-opt=/usr/lib/gcc/aarch64-linux-gnu/8/lto-wrapper] ==> ignore
    arg [-plugin-opt=-fresolution=/tmp/ccAg6hfU.res] ==> ignore
    arg [-plugin-opt=-pass-through=-lgcc] ==> ignore
    arg [-plugin-opt=-pass-through=-lgcc_s] ==> ignore
    arg [-plugin-opt=-pass-through=-lc] ==> ignore
    arg [-plugin-opt=-pass-through=-lgcc] ==> ignore
    arg [-plugin-opt=-pass-through=-lgcc_s] ==> ignore
    arg [--build-id] ==> ignore
    arg [--eh-frame-hdr] ==> ignore
    arg [--hash-style=gnu] ==> ignore
    arg [-dynamic-linker] ==> ignore
    arg [/lib/ld-linux-aarch64.so.1] ==> ignore
    arg [-X] ==> ignore
    arg [-EL] ==> ignore
    arg [-maarch64linux] ==> ignore
    arg [--fix-cortex-a53-843419] ==> ignore
    arg [-o] ==> ignore
    arg [cmTC_37bc9] ==> ignore
    arg [/usr/lib/gcc/aarch64-linux-gnu/8/../../../aarch64-linux-gnu/crt1.o] ==> ignore
    arg [/usr/lib/gcc/aarch64-linux-gnu/8/../../../aarch64-linux-gnu/crti.o] ==> ignore
    arg [/usr/lib/gcc/aarch64-linux-gnu/8/crtbegin.o] ==> ignore
    arg [-L/usr/lib/gcc/aarch64-linux-gnu/8] ==> dir [/usr/lib/gcc/aarch64-linux-gnu/8]
    arg [-L/usr/lib/gcc/aarch64-linux-gnu/8/../../../aarch64-linux-gnu] ==> dir [/usr/lib/gcc/aarch64-linux-gnu/8/../../../aarch64-linux-gnu]
    arg [-L/usr/lib/gcc/aarch64-linux-gnu/8/../../../../lib] ==> dir [/usr/lib/gcc/aarch64-linux-gnu/8/../../../../lib]
    arg [-L/lib/aarch64-linux-gnu] ==> dir [/lib/aarch64-linux-gnu]
    arg [-L/lib/../lib] ==> dir [/lib/../lib]
    arg [-L/usr/lib/aarch64-linux-gnu] ==> dir [/usr/lib/aarch64-linux-gnu]
    arg [-L/usr/lib/../lib] ==> dir [/usr/lib/../lib]
    arg [-L/usr/lib/gcc/aarch64-linux-gnu/8/../../..] ==> dir [/usr/lib/gcc/aarch64-linux-gnu/8/../../..]
    arg [CMakeFiles/cmTC_37bc9.dir/CMakeCCompilerABI.c.o] ==> ignore
    arg [-lgcc] ==> lib [gcc]
    arg [--push-state] ==> ignore
    arg [--as-needed] ==> ignore
    arg [-lgcc_s] ==> lib [gcc_s]
    arg [--pop-state] ==> ignore
    arg [-lc] ==> lib [c]
    arg [-lgcc] ==> lib [gcc]
    arg [--push-state] ==> ignore
    arg [--as-needed] ==> ignore
    arg [-lgcc_s] ==> lib [gcc_s]
    arg [--pop-state] ==> ignore
    arg [/usr/lib/gcc/aarch64-linux-gnu/8/crtend.o] ==> ignore
    arg [/usr/lib/gcc/aarch64-linux-gnu/8/../../../aarch64-linux-gnu/crtn.o] ==> ignore
  collapse library dir [/usr/lib/gcc/aarch64-linux-gnu/8] ==> [/usr/lib/gcc/aarch64-linux-gnu/8]
  collapse library dir [/usr/lib/gcc/aarch64-linux-gnu/8/../../../aarch64-linux-gnu] ==> [/usr/lib/aarch64-linux-gnu]
  collapse library dir [/usr/lib/gcc/aarch64-linux-gnu/8/../../../../lib] ==> [/usr/lib]
  collapse library dir [/lib/aarch64-linux-gnu] ==> [/lib/aarch64-linux-gnu]
  collapse library dir [/lib/../lib] ==> [/lib]
  collapse library dir [/usr/lib/aarch64-linux-gnu] ==> [/usr/lib/aarch64-linux-gnu]
  collapse library dir [/usr/lib/../lib] ==> [/usr/lib]
  collapse library dir [/usr/lib/gcc/aarch64-linux-gnu/8/../../..] ==> [/usr/lib]
  implicit libs: [gcc;gcc_s;c;gcc;gcc_s]
  implicit dirs: [/usr/lib/gcc/aarch64-linux-gnu/8;/usr/lib/aarch64-linux-gnu;/usr/lib;/lib/aarch64-linux-gnu;/lib]
  implicit fwks: []




Detecting C [-std=c11] compiler features compiled with the following output:
Change Dir: /home/bai/Desktop/freerdp-3.6.2/freerdp-build/CMakeFiles/CMakeTmp

Run Build Command:"/usr/bin/ninja" "cmTC_58904"
[1/2] Building C object CMakeFiles/cmTC_58904.dir/feature_tests.c.o
[2/2] Linking C executable cmTC_58904


    Feature record: C_FEATURE:1c_function_prototypes
    Feature record: C_FEATURE:1c_restrict
    Feature record: C_FEATURE:1c_static_assert
    Feature record: C_FEATURE:1c_variadic_macros


Detecting C [-std=c99] compiler features compiled with the following output:
Change Dir: /home/bai/Desktop/freerdp-3.6.2/freerdp-build/CMakeFiles/CMakeTmp

Run Build Command:"/usr/bin/ninja" "cmTC_d5b81"
[1/2] Building C object CMakeFiles/cmTC_d5b81.dir/feature_tests.c.o
[2/2] Linking C executable cmTC_d5b81


    Feature record: C_FEATURE:1c_function_prototypes
    Feature record: C_FEATURE:1c_restrict
    Feature record: C_FEATURE:0c_static_assert
    Feature record: C_FEATURE:1c_variadic_macros


Detecting C [-std=c90] compiler features compiled with the following output:
Change Dir: /home/bai/Desktop/freerdp-3.6.2/freerdp-build/CMakeFiles/CMakeTmp

Run Build Command:"/usr/bin/ninja" "cmTC_dd991"
[1/2] Building C object CMakeFiles/cmTC_dd991.dir/feature_tests.c.o
[2/2] Linking C executable cmTC_dd991


    Feature record: C_FEATURE:1c_function_prototypes
    Feature record: C_FEATURE:0c_restrict
    Feature record: C_FEATURE:0c_static_assert
    Feature record: C_FEATURE:0c_variadic_macros
Performing C SOURCE FILE Test CFLAG-Wall succeeded with the following output:
Change Dir: /home/bai/Desktop/freerdp-3.6.2/freerdp-build/CMakeFiles/CMakeTmp

Run Build Command:"/usr/bin/ninja" "cmTC_21aa9"
[1/2] Building C object CMakeFiles/cmTC_21aa9.dir/src.c.o
<command-line>: warning: ISO C99 requires whitespace after the macro name
[2/2] Linking C executable cmTC_21aa9

Source file was:
int main(void) { return 0; }
Performing C SOURCE FILE Test CFLAG-Wpedantic succeeded with the following output:
Change Dir: /home/bai/Desktop/freerdp-3.6.2/freerdp-build/CMakeFiles/CMakeTmp

Run Build Command:"/usr/bin/ninja" "cmTC_be41d"
[1/2] Building C object CMakeFiles/cmTC_be41d.dir/src.c.o
<command-line>: warning: ISO C99 requires whitespace after the macro name
[2/2] Linking C executable cmTC_be41d

Source file was:
int main(void) { return 0; }
Performing C SOURCE FILE Test CFLAG-Wno-padded succeeded with the following output:
Change Dir: /home/bai/Desktop/freerdp-3.6.2/freerdp-build/CMakeFiles/CMakeTmp

Run Build Command:"/usr/bin/ninja" "cmTC_bec8c"
[1/2] Building C object CMakeFiles/cmTC_bec8c.dir/src.c.o
<command-line>: warning: ISO C99 requires whitespace after the macro name
[2/2] Linking C executable cmTC_bec8c

Source file was:
int main(void) { return 0; }
Performing C SOURCE FILE Test CFLAG-Wno-cast-align succeeded with the following output:
Change Dir: /home/bai/Desktop/freerdp-3.6.2/freerdp-build/CMakeFiles/CMakeTmp

Run Build Command:"/usr/bin/ninja" "cmTC_494a9"
[1/2] Building C object CMakeFiles/cmTC_494a9.dir/src.c.o
<command-line>: warning: ISO C99 requires whitespace after the macro name
[2/2] Linking C executable cmTC_494a9

Source file was:
int main(void) { return 0; }
Performing C SOURCE FILE Test CFLAG-Wno-declaration-after-statement succeeded with the following output:
Change Dir: /home/bai/Desktop/freerdp-3.6.2/freerdp-build/CMakeFiles/CMakeTmp

Run Build Command:"/usr/bin/ninja" "cmTC_b7efd"
[1/2] Building C object CMakeFiles/cmTC_b7efd.dir/src.c.o
<command-line>: warning: ISO C99 requires whitespace after the macro name
[2/2] Linking C executable cmTC_b7efd

Source file was:
int main(void) { return 0; }
Performing C SOURCE FILE Test Wimplicit-function-declaration succeeded with the following output:
Change Dir: /home/bai/Desktop/freerdp-3.6.2/freerdp-build/CMakeFiles/CMakeTmp

Run Build Command:"/usr/bin/ninja" "cmTC_37a0a"
[1/2] Building C object CMakeFiles/cmTC_37a0a.dir/src.c.o
<command-line>: warning: ISO C99 requires whitespace after the macro name
[2/2] Linking C executable cmTC_37a0a

Source file was:
int main(void) { return 0; }
Performing C SOURCE FILE Test Wredundant-decls succeeded with the following output:
Change Dir: /home/bai/Desktop/freerdp-3.6.2/freerdp-build/CMakeFiles/CMakeTmp

Run Build Command:"/usr/bin/ninja" "cmTC_46deb"
[1/2] Building C object CMakeFiles/cmTC_46deb.dir/src.c.o
<command-line>: warning: ISO C99 requires whitespace after the macro name
[2/2] Linking C executable cmTC_46deb

Source file was:
int main(void) { return 0; }
Determining if the include file pthread.h exists passed with the following output:
Change Dir: /home/bai/Desktop/freerdp-3.6.2/freerdp-build/CMakeFiles/CMakeTmp

Run Build Command:"/usr/bin/ninja" "cmTC_13afe"
[1/2] Building C object CMakeFiles/cmTC_13afe.dir/CheckIncludeFile.c.o
[2/2] Linking C executable cmTC_13afe


Determining if the function pthread_create exists in the pthread passed with the following output:
Change Dir: /home/bai/Desktop/freerdp-3.6.2/freerdp-build/CMakeFiles/CMakeTmp

Run Build Command:"/usr/bin/ninja" "cmTC_40a13"
[1/2] Building C object CMakeFiles/cmTC_40a13.dir/CheckFunctionExists.c.o
[2/2] Linking C executable cmTC_40a13


Performing C SOURCE FILE Test fno-omit-frame-pointer succeeded with the following output:
Change Dir: /home/bai/Desktop/freerdp-3.6.2/freerdp-build/CMakeFiles/CMakeTmp

Run Build Command:"/usr/bin/ninja" "cmTC_db27e"
[1/2] Building C object CMakeFiles/cmTC_db27e.dir/src.c.o
<command-line>: warning: ISO C99 requires whitespace after the macro name
[2/2] Linking C executable cmTC_db27e

Source file was:
int main(void) { return 0; }
Determining if the strndup exist passed with the following output:
Change Dir: /home/bai/Desktop/freerdp-3.6.2/freerdp-build/CMakeFiles/CMakeTmp

Run Build Command:"/usr/bin/ninja" "cmTC_42292"
[1/2] Building C object CMakeFiles/cmTC_42292.dir/CheckSymbolExists.c.o
CheckSymbolExists.c: In function ‘main’:
CheckSymbolExists.c:8:11: warning: ISO C forbids conversion of function pointer to object pointer type [-Wpedantic]
   return ((int*)(&strndup))[argc];
           ^
[2/2] Linking C executable cmTC_42292

File /home/bai/Desktop/freerdp-3.6.2/freerdp-build/CMakeFiles/CMakeTmp/CheckSymbolExists.c:
/* */
#include <string.h>

int main(int argc, char** argv)
{
  (void)argv;
#ifndef strndup
  return ((int*)(&strndup))[argc];
#else
  (void)argc;
  return 0;
#endif
}

Determining if files unistd.h exist passed with the following output:
Change Dir: /home/bai/Desktop/freerdp-3.6.2/freerdp-build/CMakeFiles/CMakeTmp

Run Build Command:"/usr/bin/ninja" "cmTC_14c25"
[1/2] Building C object CMakeFiles/cmTC_14c25.dir/WINPR_HAVE_UNISTD_H.c.o
[2/2] Linking C executable cmTC_14c25


Determining if files execinfo.h exist passed with the following output:
Change Dir: /home/bai/Desktop/freerdp-3.6.2/freerdp-build/CMakeFiles/CMakeTmp

Run Build Command:"/usr/bin/ninja" "cmTC_33664"
[1/2] Building C object CMakeFiles/cmTC_33664.dir/WINPR_HAVE_EXECINFO_HEADER.c.o
[2/2] Linking C executable cmTC_33664


Determining if the backtrace exist passed with the following output:
Change Dir: /home/bai/Desktop/freerdp-3.6.2/freerdp-build/CMakeFiles/CMakeTmp

Run Build Command:"/usr/bin/ninja" "cmTC_42d4c"
[1/2] Building C object CMakeFiles/cmTC_42d4c.dir/CheckSymbolExists.c.o
CheckSymbolExists.c: In function ‘main’:
CheckSymbolExists.c:8:11: warning: ISO C forbids conversion of function pointer to object pointer type [-Wpedantic]
   return ((int*)(&backtrace))[argc];
           ^
[2/2] Linking C executable cmTC_42d4c

File /home/bai/Desktop/freerdp-3.6.2/freerdp-build/CMakeFiles/CMakeTmp/CheckSymbolExists.c:
/* */
#include <execinfo.h>

int main(int argc, char** argv)
{
  (void)argv;
#ifndef backtrace
  return ((int*)(&backtrace))[argc];
#else
  (void)argc;
  return 0;
#endif
}

Determining if the backtrace_symbols exist passed with the following output:
Change Dir: /home/bai/Desktop/freerdp-3.6.2/freerdp-build/CMakeFiles/CMakeTmp

Run Build Command:"/usr/bin/ninja" "cmTC_ee2d0"
[1/2] Building C object CMakeFiles/cmTC_ee2d0.dir/CheckSymbolExists.c.o
CheckSymbolExists.c: In function ‘main’:
CheckSymbolExists.c:8:11: warning: ISO C forbids conversion of function pointer to object pointer type [-Wpedantic]
   return ((int*)(&backtrace_symbols))[argc];
           ^
[2/2] Linking C executable cmTC_ee2d0

File /home/bai/Desktop/freerdp-3.6.2/freerdp-build/CMakeFiles/CMakeTmp/CheckSymbolExists.c:
/* */
#include <execinfo.h>

int main(int argc, char** argv)
{
  (void)argv;
#ifndef backtrace_symbols
  return ((int*)(&backtrace_symbols))[argc];
#else
  (void)argc;
  return 0;
#endif
}

Determining if the backtrace_symbols_fd exist passed with the following output:
Change Dir: /home/bai/Desktop/freerdp-3.6.2/freerdp-build/CMakeFiles/CMakeTmp

Run Build Command:"/usr/bin/ninja" "cmTC_698b1"
[1/2] Building C object CMakeFiles/cmTC_698b1.dir/CheckSymbolExists.c.o
CheckSymbolExists.c: In function ‘main’:
CheckSymbolExists.c:8:11: warning: ISO C forbids conversion of function pointer to object pointer type [-Wpedantic]
   return ((int*)(&backtrace_symbols_fd))[argc];
           ^
[2/2] Linking C executable cmTC_698b1

File /home/bai/Desktop/freerdp-3.6.2/freerdp-build/CMakeFiles/CMakeTmp/CheckSymbolExists.c:
/* */
#include <execinfo.h>

int main(int argc, char** argv)
{
  (void)argv;
#ifndef backtrace_symbols_fd
  return ((int*)(&backtrace_symbols_fd))[argc];
#else
  (void)argc;
  return 0;
#endif
}

Determining if files inttypes.h exist passed with the following output:
Change Dir: /home/bai/Desktop/freerdp-3.6.2/freerdp-build/CMakeFiles/CMakeTmp

Run Build Command:"/usr/bin/ninja" "cmTC_b84ae"
[1/2] Building C object CMakeFiles/cmTC_b84ae.dir/WINPR_HAVE_INTTYPES_H.c.o
[2/2] Linking C executable cmTC_b84ae


Determining if files stdint.h exist passed with the following output:
Change Dir: /home/bai/Desktop/freerdp-3.6.2/freerdp-build/CMakeFiles/CMakeTmp

Run Build Command:"/usr/bin/ninja" "cmTC_12b34"
[1/2] Building C object CMakeFiles/cmTC_12b34.dir/WINPR_HAVE_STDINT_H.c.o
[2/2] Linking C executable cmTC_12b34


Determining if files stdbool.h exist passed with the following output:
Change Dir: /home/bai/Desktop/freerdp-3.6.2/freerdp-build/CMakeFiles/CMakeTmp

Run Build Command:"/usr/bin/ninja" "cmTC_4e655"
[1/2] Building C object CMakeFiles/cmTC_4e655.dir/WINPR_HAVE_STDBOOL_H.c.o
[2/2] Linking C executable cmTC_4e655


Determining if files fcntl.h exist passed with the following output:
Change Dir: /home/bai/Desktop/freerdp-3.6.2/freerdp-build/CMakeFiles/CMakeTmp

Run Build Command:"/usr/bin/ninja" "cmTC_a0730"
[1/2] Building C object CMakeFiles/cmTC_a0730.dir/WINPR_HAVE_FCNTL_H.c.o
[2/2] Linking C executable cmTC_a0730


Determining if files aio.h exist passed with the following output:
Change Dir: /home/bai/Desktop/freerdp-3.6.2/freerdp-build/CMakeFiles/CMakeTmp

Run Build Command:"/usr/bin/ninja" "cmTC_ef54e"
[1/2] Building C object CMakeFiles/cmTC_ef54e.dir/WINPR_HAVE_AIO_H.c.o
[2/2] Linking C executable cmTC_ef54e


Determining if files sys/timerfd.h exist passed with the following output:
Change Dir: /home/bai/Desktop/freerdp-3.6.2/freerdp-build/CMakeFiles/CMakeTmp

Run Build Command:"/usr/bin/ninja" "cmTC_64907"
[1/2] Building C object CMakeFiles/cmTC_64907.dir/WINPR_HAVE_SYS_TIMERFD_H.c.o
[2/2] Linking C executable cmTC_64907


Determining if files syslog.h exist passed with the following output:
Change Dir: /home/bai/Desktop/freerdp-3.6.2/freerdp-build/CMakeFiles/CMakeTmp

Run Build Command:"/usr/bin/ninja" "cmTC_520ef"
[1/2] Building C object CMakeFiles/cmTC_520ef.dir/WINPR_HAVE_SYSLOG_H.c.o
[2/2] Linking C executable cmTC_520ef


Determining if files sys/select.h exist passed with the following output:
Change Dir: /home/bai/Desktop/freerdp-3.6.2/freerdp-build/CMakeFiles/CMakeTmp

Run Build Command:"/usr/bin/ninja" "cmTC_922c9"
[1/2] Building C object CMakeFiles/cmTC_922c9.dir/WINPR_HAVE_SYS_SELECT_H.c.o
[2/2] Linking C executable cmTC_922c9


Determining if files sys/eventfd.h exist passed with the following output:
Change Dir: /home/bai/Desktop/freerdp-3.6.2/freerdp-build/CMakeFiles/CMakeTmp

Run Build Command:"/usr/bin/ninja" "cmTC_7cb2b"
[1/2] Building C object CMakeFiles/cmTC_7cb2b.dir/WINPR_HAVE_SYS_EVENTFD_H.c.o
[2/2] Linking C executable cmTC_7cb2b


Determining if files unwind.h exist passed with the following output:
Change Dir: /home/bai/Desktop/freerdp-3.6.2/freerdp-build/CMakeFiles/CMakeTmp

Run Build Command:"/usr/bin/ninja" "cmTC_f4c32"
[1/2] Building C object CMakeFiles/cmTC_f4c32.dir/WINPR_HAVE_UNWIND_H.c.o
[2/2] Linking C executable cmTC_f4c32


Determining if the eventfd_read exist passed with the following output:
Change Dir: /home/bai/Desktop/freerdp-3.6.2/freerdp-build/CMakeFiles/CMakeTmp

Run Build Command:"/usr/bin/ninja" "cmTC_57430"
[1/2] Building C object CMakeFiles/cmTC_57430.dir/CheckSymbolExists.c.o
CheckSymbolExists.c: In function ‘main’:
CheckSymbolExists.c:8:11: warning: ISO C forbids conversion of function pointer to object pointer type [-Wpedantic]
   return ((int*)(&eventfd_read))[argc];
           ^
[2/2] Linking C executable cmTC_57430

File /home/bai/Desktop/freerdp-3.6.2/freerdp-build/CMakeFiles/CMakeTmp/CheckSymbolExists.c:
/* */
#include <sys/eventfd.h>

int main(int argc, char** argv)
{
  (void)argv;
#ifndef eventfd_read
  return ((int*)(&eventfd_read))[argc];
#else
  (void)argc;
  return 0;
#endif
}

Determining if the function getlogin_r exists passed with the following output:
Change Dir: /home/bai/Desktop/freerdp-3.6.2/freerdp-build/CMakeFiles/CMakeTmp

Run Build Command:"/usr/bin/ninja" "cmTC_7796d"
[1/2] Building C object CMakeFiles/cmTC_7796d.dir/CheckFunctionExists.c.o
[2/2] Linking C executable cmTC_7796d


Determining if the function getpwuid_r exists passed with the following output:
Change Dir: /home/bai/Desktop/freerdp-3.6.2/freerdp-build/CMakeFiles/CMakeTmp

Run Build Command:"/usr/bin/ninja" "cmTC_683b3"
[1/2] Building C object CMakeFiles/cmTC_683b3.dir/CheckFunctionExists.c.o
[2/2] Linking C executable cmTC_683b3


Performing C SOURCE FILE Test WINPR_HAVE_TM_GMTOFF succeeded with the following output:
Change Dir: /home/bai/Desktop/freerdp-3.6.2/freerdp-build/CMakeFiles/CMakeTmp

Run Build Command:"/usr/bin/ninja" "cmTC_69911"
[1/2] Building C object CMakeFiles/cmTC_69911.dir/src.c.o
[2/2] Linking C executable cmTC_69911

Source file was:

#include <time.h>

int main()
{
   (void)sizeof(((struct tm *)0)->tm_gmtoff);
   return 0;
}

Determining if files poll.h exist passed with the following output:
Change Dir: /home/bai/Desktop/freerdp-3.6.2/freerdp-build/CMakeFiles/CMakeTmp

Run Build Command:"/usr/bin/ninja" "cmTC_7932b"
[1/2] Building C object CMakeFiles/cmTC_7932b.dir/WINPR_HAVE_POLL_H.c.o
[2/2] Linking C executable cmTC_7932b


Determining if the function pthread_mutex_timedlock exists in the pthread passed with the following output:
Change Dir: /home/bai/Desktop/freerdp-3.6.2/freerdp-build/CMakeFiles/CMakeTmp

Run Build Command:"/usr/bin/ninja" "cmTC_99b3a"
[1/2] Building C object CMakeFiles/cmTC_99b3a.dir/CheckFunctionExists.c.o
[2/2] Linking C executable cmTC_99b3a


Determining if the pthread_mutex_timedlock exist passed with the following output:
Change Dir: /home/bai/Desktop/freerdp-3.6.2/freerdp-build/CMakeFiles/CMakeTmp

Run Build Command:"/usr/bin/ninja" "cmTC_c3833"
[1/2] Building C object CMakeFiles/cmTC_c3833.dir/CheckSymbolExists.c.o
CheckSymbolExists.c: In function ‘main’:
CheckSymbolExists.c:8:11: warning: ISO C forbids conversion of function pointer to object pointer type [-Wpedantic]
   return ((int*)(&pthread_mutex_timedlock))[argc];
           ^
[2/2] Linking C executable cmTC_c3833

File /home/bai/Desktop/freerdp-3.6.2/freerdp-build/CMakeFiles/CMakeTmp/CheckSymbolExists.c:
/* */
#include <pthread.h>

int main(int argc, char** argv)
{
  (void)argv;
#ifndef pthread_mutex_timedlock
  return ((int*)(&pthread_mutex_timedlock))[argc];
#else
  (void)argc;
  return 0;
#endif
}

Determining if the function timer_create exists passed with the following output:
Change Dir: /home/bai/Desktop/freerdp-3.6.2/freerdp-build/CMakeFiles/CMakeTmp

Run Build Command:"/usr/bin/ninja" "cmTC_ca2fa"
[1/2] Building C object CMakeFiles/cmTC_ca2fa.dir/CheckFunctionExists.c.o
[2/2] Linking C executable cmTC_ca2fa


Determining if the function timer_delete exists passed with the following output:
Change Dir: /home/bai/Desktop/freerdp-3.6.2/freerdp-build/CMakeFiles/CMakeTmp

Run Build Command:"/usr/bin/ninja" "cmTC_494f4"
[1/2] Building C object CMakeFiles/cmTC_494f4.dir/CheckFunctionExists.c.o
[2/2] Linking C executable cmTC_494f4


Determining if the function timer_settime exists passed with the following output:
Change Dir: /home/bai/Desktop/freerdp-3.6.2/freerdp-build/CMakeFiles/CMakeTmp

Run Build Command:"/usr/bin/ninja" "cmTC_739bc"
[1/2] Building C object CMakeFiles/cmTC_739bc.dir/CheckFunctionExists.c.o
[2/2] Linking C executable cmTC_739bc


Determining if the function timer_gettime exists passed with the following output:
Change Dir: /home/bai/Desktop/freerdp-3.6.2/freerdp-build/CMakeFiles/CMakeTmp

Run Build Command:"/usr/bin/ninja" "cmTC_bd976"
[1/2] Building C object CMakeFiles/cmTC_bd976.dir/CheckFunctionExists.c.o
[2/2] Linking C executable cmTC_bd976


Determining if the function backtrace exists passed with the following output:
Change Dir: /home/bai/Desktop/freerdp-3.6.2/freerdp-build/CMakeFiles/CMakeTmp

Run Build Command:"/usr/bin/ninja" "cmTC_eab29"
[1/2] Building C object CMakeFiles/cmTC_eab29.dir/CheckFunctionExists.c.o
[2/2] Linking C executable cmTC_eab29


Determining if files stdbool.h exist passed with the following output:
Change Dir: /home/bai/Desktop/freerdp-3.6.2/freerdp-build/CMakeFiles/CMakeTmp

Run Build Command:"/usr/bin/ninja" "cmTC_58f36"
[1/2] Building C object CMakeFiles/cmTC_58f36.dir/UWAC_HAVE_STDBOOL_H.c.o
[2/2] Linking C executable cmTC_58f36


Determining if files stdbool.h exist passed with the following output:
Change Dir: /home/bai/Desktop/freerdp-3.6.2/freerdp-build/CMakeFiles/CMakeTmp

Run Build Command:"/usr/bin/ninja" "cmTC_f7f1a"
[1/2] Building C object CMakeFiles/cmTC_f7f1a.dir/RDTK_HAVE_STDBOOL_H.c.o
[2/2] Linking C executable cmTC_f7f1a


Determining if the function XOpenDisplay exists in the /usr/lib/aarch64-linux-gnu/libX11.so;/usr/lib/aarch64-linux-gnu/libXext.so passed with the following output:
Change Dir: /home/bai/Desktop/freerdp-3.6.2/freerdp-build/CMakeFiles/CMakeTmp

Run Build Command:"/usr/bin/ninja" "cmTC_22169"
[1/2] Building C object CMakeFiles/cmTC_22169.dir/CheckFunctionExists.c.o
[2/2] Linking C executable cmTC_22169


Determining if the function gethostbyname exists passed with the following output:
Change Dir: /home/bai/Desktop/freerdp-3.6.2/freerdp-build/CMakeFiles/CMakeTmp

Run Build Command:"/usr/bin/ninja" "cmTC_cf819"
[1/2] Building C object CMakeFiles/cmTC_cf819.dir/CheckFunctionExists.c.o
[2/2] Linking C executable cmTC_cf819


Determining if the function connect exists passed with the following output:
Change Dir: /home/bai/Desktop/freerdp-3.6.2/freerdp-build/CMakeFiles/CMakeTmp

Run Build Command:"/usr/bin/ninja" "cmTC_b3092"
[1/2] Building C object CMakeFiles/cmTC_b3092.dir/CheckFunctionExists.c.o
[2/2] Linking C executable cmTC_b3092


Determining if the function remove exists passed with the following output:
Change Dir: /home/bai/Desktop/freerdp-3.6.2/freerdp-build/CMakeFiles/CMakeTmp

Run Build Command:"/usr/bin/ninja" "cmTC_ef1b4"
[1/2] Building C object CMakeFiles/cmTC_ef1b4.dir/CheckFunctionExists.c.o
[2/2] Linking C executable cmTC_ef1b4


Determining if the function shmat exists passed with the following output:
Change Dir: /home/bai/Desktop/freerdp-3.6.2/freerdp-build/CMakeFiles/CMakeTmp

Run Build Command:"/usr/bin/ninja" "cmTC_9ed82"
[1/2] Building C object CMakeFiles/cmTC_9ed82.dir/CheckFunctionExists.c.o
[2/2] Linking C executable cmTC_9ed82


Determining if the function IceConnectionNumber exists in the ICE passed with the following output:
Change Dir: /home/bai/Desktop/freerdp-3.6.2/freerdp-build/CMakeFiles/CMakeTmp

Run Build Command:"/usr/bin/ninja" "cmTC_4752e"
[1/2] Building C object CMakeFiles/cmTC_4752e.dir/CheckFunctionExists.c.o
[2/2] Linking C executable cmTC_4752e


Determining if the function pow exists in the m passed with the following output:
Change Dir: /home/bai/Desktop/freerdp-3.6.2/freerdp-build/CMakeFiles/CMakeTmp

Run Build Command:"/usr/bin/ninja" "cmTC_0d845"
[1/2] Building C object CMakeFiles/cmTC_0d845.dir/CheckFunctionExists.c.o
<command-line>: warning: conflicting types for built-in function ‘pow’ [-Wbuiltin-declaration-mismatch]
/usr/share/cmake-3.13/Modules/CheckFunctionExists.c:7:3: note: in expansion of macro ‘CHECK_FUNCTION_EXISTS’
   CHECK_FUNCTION_EXISTS(void);
   ^~~~~~~~~~~~~~~~~~~~~
[2/2] Linking C executable cmTC_0d845


Compiling the CXX compiler identification source file "CMakeCXXCompilerId.cpp" succeeded.
Compiler: /usr/bin/c++ 
Build flags: 
Id flags:  

The output was:
0


Compilation of the CXX compiler identification source "CMakeCXXCompilerId.cpp" produced "a.out"

The CXX compiler identification is GNU, found in "/home/bai/Desktop/freerdp-3.6.2/freerdp-build/CMakeFiles/3.13.4/CompilerIdCXX/a.out"

Determining if the CXX compiler works passed with the following output:
Change Dir: /home/bai/Desktop/freerdp-3.6.2/freerdp-build/CMakeFiles/CMakeTmp

Run Build Command:"/usr/bin/ninja" "cmTC_23f5a"
[1/2] Building CXX object CMakeFiles/cmTC_23f5a.dir/testCXXCompiler.cxx.o
[2/2] Linking CXX executable cmTC_23f5a


Detecting CXX compiler ABI info compiled with the following output:
Change Dir: /home/bai/Desktop/freerdp-3.6.2/freerdp-build/CMakeFiles/CMakeTmp

Run Build Command:"/usr/bin/ninja" "cmTC_ceeac"
[1/2] Building CXX object CMakeFiles/cmTC_ceeac.dir/CMakeCXXCompilerABI.cpp.o
[2/2] Linking CXX executable cmTC_ceeac
Using built-in specs.
COLLECT_GCC=/usr/bin/c++
COLLECT_LTO_WRAPPER=/usr/lib/gcc/aarch64-linux-gnu/8/lto-wrapper
Target: aarch64-linux-gnu
Configured with: ../src/configure -v --with-pkgversion='Uos 8.3.0.10-deepin1' --with-bugurl=file:///usr/share/doc/gcc-8/README.Bugs --enable-languages=c,ada,c++,go,d,fortran,objc,obj-c++ --prefix=/usr --with-gcc-major-version-only --program-suffix=-8 --program-prefix=aarch64-linux-gnu- --enable-shared --enable-linker-build-id --libexecdir=/usr/lib --without-included-gettext --enable-threads=posix --libdir=/usr/lib --enable-nls --enable-bootstrap --enable-clocale=gnu --enable-libstdcxx-debug --enable-libstdcxx-time=yes --with-default-libstdcxx-abi=new --enable-gnu-unique-object --disable-libquadmath --disable-libquadmath-support --enable-plugin --with-system-zlib --disable-libphobos --enable-multiarch --enable-fix-cortex-a53-843419 --disable-werror --enable-checking=release --build=aarch64-linux-gnu --host=aarch64-linux-gnu --target=aarch64-linux-gnu
Thread model: posix
gcc version 8.3.0 (Uos 8.3.0.10-deepin1) 
COMPILER_PATH=/usr/lib/gcc/aarch64-linux-gnu/8/:/usr/lib/gcc/aarch64-linux-gnu/8/:/usr/lib/gcc/aarch64-linux-gnu/:/usr/lib/gcc/aarch64-linux-gnu/8/:/usr/lib/gcc/aarch64-linux-gnu/
LIBRARY_PATH=/usr/lib/gcc/aarch64-linux-gnu/8/:/usr/lib/gcc/aarch64-linux-gnu/8/../../../aarch64-linux-gnu/:/usr/lib/gcc/aarch64-linux-gnu/8/../../../../lib/:/lib/aarch64-linux-gnu/:/lib/../lib/:/usr/lib/aarch64-linux-gnu/:/usr/lib/../lib/:/usr/lib/gcc/aarch64-linux-gnu/8/../../../:/lib/:/usr/lib/
COLLECT_GCC_OPTIONS='-v' '-o' 'cmTC_ceeac' '-shared-libgcc' '-mlittle-endian' '-mabi=lp64'
 /usr/lib/gcc/aarch64-linux-gnu/8/collect2 -plugin /usr/lib/gcc/aarch64-linux-gnu/8/liblto_plugin.so -plugin-opt=/usr/lib/gcc/aarch64-linux-gnu/8/lto-wrapper -plugin-opt=-fresolution=/tmp/ccN0tCjV.res -plugin-opt=-pass-through=-lgcc_s -plugin-opt=-pass-through=-lgcc -plugin-opt=-pass-through=-lc -plugin-opt=-pass-through=-lgcc_s -plugin-opt=-pass-through=-lgcc --build-id --eh-frame-hdr --hash-style=gnu -dynamic-linker /lib/ld-linux-aarch64.so.1 -X -EL -maarch64linux --fix-cortex-a53-843419 -o cmTC_ceeac /usr/lib/gcc/aarch64-linux-gnu/8/../../../aarch64-linux-gnu/crt1.o /usr/lib/gcc/aarch64-linux-gnu/8/../../../aarch64-linux-gnu/crti.o /usr/lib/gcc/aarch64-linux-gnu/8/crtbegin.o -L/usr/lib/gcc/aarch64-linux-gnu/8 -L/usr/lib/gcc/aarch64-linux-gnu/8/../../../aarch64-linux-gnu -L/usr/lib/gcc/aarch64-linux-gnu/8/../../../../lib -L/lib/aarch64-linux-gnu -L/lib/../lib -L/usr/lib/aarch64-linux-gnu -L/usr/lib/../lib -L/usr/lib/gcc/aarch64-linux-gnu/8/../../.. CMakeFiles/cmTC_ceeac.dir/CMakeCXXCompilerABI.cpp.o -lstdc++ -lm -lgcc_s -lgcc -lc -lgcc_s -lgcc /usr/lib/gcc/aarch64-linux-gnu/8/crtend.o /usr/lib/gcc/aarch64-linux-gnu/8/../../../aarch64-linux-gnu/crtn.o
COLLECT_GCC_OPTIONS='-v' '-o' 'cmTC_ceeac' '-shared-libgcc' '-mlittle-endian' '-mabi=lp64'


Parsed CXX implicit link information from above output:
  link line regex: [^( *|.*[/\])(ld|CMAKE_LINK_STARTFILE-NOTFOUND|([^/\]+-)?ld|collect2)[^/\]*( |$)]
  ignore line: [Change Dir: /home/bai/Desktop/freerdp-3.6.2/freerdp-build/CMakeFiles/CMakeTmp]
  ignore line: []
  ignore line: [Run Build Command:"/usr/bin/ninja" "cmTC_ceeac"]
  ignore line: [[1/2] Building CXX object CMakeFiles/cmTC_ceeac.dir/CMakeCXXCompilerABI.cpp.o]
  ignore line: [[2/2] Linking CXX executable cmTC_ceeac]
  ignore line: [Using built-in specs.]
  ignore line: [COLLECT_GCC=/usr/bin/c++]
  ignore line: [COLLECT_LTO_WRAPPER=/usr/lib/gcc/aarch64-linux-gnu/8/lto-wrapper]
  ignore line: [Target: aarch64-linux-gnu]
  ignore line: [Configured with: ../src/configure -v --with-pkgversion='Uos 8.3.0.10-deepin1' --with-bugurl=file:///usr/share/doc/gcc-8/README.Bugs --enable-languages=c,ada,c++,go,d,fortran,objc,obj-c++ --prefix=/usr --with-gcc-major-version-only --program-suffix=-8 --program-prefix=aarch64-linux-gnu- --enable-shared --enable-linker-build-id --libexecdir=/usr/lib --without-included-gettext --enable-threads=posix --libdir=/usr/lib --enable-nls --enable-bootstrap --enable-clocale=gnu --enable-libstdcxx-debug --enable-libstdcxx-time=yes --with-default-libstdcxx-abi=new --enable-gnu-unique-object --disable-libquadmath --disable-libquadmath-support --enable-plugin --with-system-zlib --disable-libphobos --enable-multiarch --enable-fix-cortex-a53-843419 --disable-werror --enable-checking=release --build=aarch64-linux-gnu --host=aarch64-linux-gnu --target=aarch64-linux-gnu]
  ignore line: [Thread model: posix]
  ignore line: [gcc version 8.3.0 (Uos 8.3.0.10-deepin1) ]
  ignore line: [COMPILER_PATH=/usr/lib/gcc/aarch64-linux-gnu/8/:/usr/lib/gcc/aarch64-linux-gnu/8/:/usr/lib/gcc/aarch64-linux-gnu/:/usr/lib/gcc/aarch64-linux-gnu/8/:/usr/lib/gcc/aarch64-linux-gnu/]
  ignore line: [LIBRARY_PATH=/usr/lib/gcc/aarch64-linux-gnu/8/:/usr/lib/gcc/aarch64-linux-gnu/8/../../../aarch64-linux-gnu/:/usr/lib/gcc/aarch64-linux-gnu/8/../../../../lib/:/lib/aarch64-linux-gnu/:/lib/../lib/:/usr/lib/aarch64-linux-gnu/:/usr/lib/../lib/:/usr/lib/gcc/aarch64-linux-gnu/8/../../../:/lib/:/usr/lib/]
  ignore line: [COLLECT_GCC_OPTIONS='-v' '-o' 'cmTC_ceeac' '-shared-libgcc' '-mlittle-endian' '-mabi=lp64']
  link line: [ /usr/lib/gcc/aarch64-linux-gnu/8/collect2 -plugin /usr/lib/gcc/aarch64-linux-gnu/8/liblto_plugin.so -plugin-opt=/usr/lib/gcc/aarch64-linux-gnu/8/lto-wrapper -plugin-opt=-fresolution=/tmp/ccN0tCjV.res -plugin-opt=-pass-through=-lgcc_s -plugin-opt=-pass-through=-lgcc -plugin-opt=-pass-through=-lc -plugin-opt=-pass-through=-lgcc_s -plugin-opt=-pass-through=-lgcc --build-id --eh-frame-hdr --hash-style=gnu -dynamic-linker /lib/ld-linux-aarch64.so.1 -X -EL -maarch64linux --fix-cortex-a53-843419 -o cmTC_ceeac /usr/lib/gcc/aarch64-linux-gnu/8/../../../aarch64-linux-gnu/crt1.o /usr/lib/gcc/aarch64-linux-gnu/8/../../../aarch64-linux-gnu/crti.o /usr/lib/gcc/aarch64-linux-gnu/8/crtbegin.o -L/usr/lib/gcc/aarch64-linux-gnu/8 -L/usr/lib/gcc/aarch64-linux-gnu/8/../../../aarch64-linux-gnu -L/usr/lib/gcc/aarch64-linux-gnu/8/../../../../lib -L/lib/aarch64-linux-gnu -L/lib/../lib -L/usr/lib/aarch64-linux-gnu -L/usr/lib/../lib -L/usr/lib/gcc/aarch64-linux-gnu/8/../../.. CMakeFiles/cmTC_ceeac.dir/CMakeCXXCompilerABI.cpp.o -lstdc++ -lm -lgcc_s -lgcc -lc -lgcc_s -lgcc /usr/lib/gcc/aarch64-linux-gnu/8/crtend.o /usr/lib/gcc/aarch64-linux-gnu/8/../../../aarch64-linux-gnu/crtn.o]
    arg [/usr/lib/gcc/aarch64-linux-gnu/8/collect2] ==> ignore
    arg [-plugin] ==> ignore
    arg [/usr/lib/gcc/aarch64-linux-gnu/8/liblto_plugin.so] ==> ignore
    arg [-plugin-opt=/usr/lib/gcc/aarch64-linux-gnu/8/lto-wrapper] ==> ignore
    arg [-plugin-opt=-fresolution=/tmp/ccN0tCjV.res] ==> ignore
    arg [-plugin-opt=-pass-through=-lgcc_s] ==> ignore
    arg [-plugin-opt=-pass-through=-lgcc] ==> ignore
    arg [-plugin-opt=-pass-through=-lc] ==> ignore
    arg [-plugin-opt=-pass-through=-lgcc_s] ==> ignore
    arg [-plugin-opt=-pass-through=-lgcc] ==> ignore
    arg [--build-id] ==> ignore
    arg [--eh-frame-hdr] ==> ignore
    arg [--hash-style=gnu] ==> ignore
    arg [-dynamic-linker] ==> ignore
    arg [/lib/ld-linux-aarch64.so.1] ==> ignore
    arg [-X] ==> ignore
    arg [-EL] ==> ignore
    arg [-maarch64linux] ==> ignore
    arg [--fix-cortex-a53-843419] ==> ignore
    arg [-o] ==> ignore
    arg [cmTC_ceeac] ==> ignore
    arg [/usr/lib/gcc/aarch64-linux-gnu/8/../../../aarch64-linux-gnu/crt1.o] ==> ignore
    arg [/usr/lib/gcc/aarch64-linux-gnu/8/../../../aarch64-linux-gnu/crti.o] ==> ignore
    arg [/usr/lib/gcc/aarch64-linux-gnu/8/crtbegin.o] ==> ignore
    arg [-L/usr/lib/gcc/aarch64-linux-gnu/8] ==> dir [/usr/lib/gcc/aarch64-linux-gnu/8]
    arg [-L/usr/lib/gcc/aarch64-linux-gnu/8/../../../aarch64-linux-gnu] ==> dir [/usr/lib/gcc/aarch64-linux-gnu/8/../../../aarch64-linux-gnu]
    arg [-L/usr/lib/gcc/aarch64-linux-gnu/8/../../../../lib] ==> dir [/usr/lib/gcc/aarch64-linux-gnu/8/../../../../lib]
    arg [-L/lib/aarch64-linux-gnu] ==> dir [/lib/aarch64-linux-gnu]
    arg [-L/lib/../lib] ==> dir [/lib/../lib]
    arg [-L/usr/lib/aarch64-linux-gnu] ==> dir [/usr/lib/aarch64-linux-gnu]
    arg [-L/usr/lib/../lib] ==> dir [/usr/lib/../lib]
    arg [-L/usr/lib/gcc/aarch64-linux-gnu/8/../../..] ==> dir [/usr/lib/gcc/aarch64-linux-gnu/8/../../..]
    arg [CMakeFiles/cmTC_ceeac.dir/CMakeCXXCompilerABI.cpp.o] ==> ignore
    arg [-lstdc++] ==> lib [stdc++]
    arg [-lm] ==> lib [m]
    arg [-lgcc_s] ==> lib [gcc_s]
    arg [-lgcc] ==> lib [gcc]
    arg [-lc] ==> lib [c]
    arg [-lgcc_s] ==> lib [gcc_s]
    arg [-lgcc] ==> lib [gcc]
    arg [/usr/lib/gcc/aarch64-linux-gnu/8/crtend.o] ==> ignore
    arg [/usr/lib/gcc/aarch64-linux-gnu/8/../../../aarch64-linux-gnu/crtn.o] ==> ignore
  collapse library dir [/usr/lib/gcc/aarch64-linux-gnu/8] ==> [/usr/lib/gcc/aarch64-linux-gnu/8]
  collapse library dir [/usr/lib/gcc/aarch64-linux-gnu/8/../../../aarch64-linux-gnu] ==> [/usr/lib/aarch64-linux-gnu]
  collapse library dir [/usr/lib/gcc/aarch64-linux-gnu/8/../../../../lib] ==> [/usr/lib]
  collapse library dir [/lib/aarch64-linux-gnu] ==> [/lib/aarch64-linux-gnu]
  collapse library dir [/lib/../lib] ==> [/lib]
  collapse library dir [/usr/lib/aarch64-linux-gnu] ==> [/usr/lib/aarch64-linux-gnu]
  collapse library dir [/usr/lib/../lib] ==> [/usr/lib]
  collapse library dir [/usr/lib/gcc/aarch64-linux-gnu/8/../../..] ==> [/usr/lib]
  implicit libs: [stdc++;m;gcc_s;gcc;c;gcc_s;gcc]
  implicit dirs: [/usr/lib/gcc/aarch64-linux-gnu/8;/usr/lib/aarch64-linux-gnu;/usr/lib;/lib/aarch64-linux-gnu;/lib]
  implicit fwks: []




Detecting CXX [-std=c++2a] compiler features compiled with the following output:
Change Dir: /home/bai/Desktop/freerdp-3.6.2/freerdp-build/CMakeFiles/CMakeTmp

Run Build Command:"/usr/bin/ninja" "cmTC_88c17"
[1/2] Building CXX object CMakeFiles/cmTC_88c17.dir/feature_tests.cxx.o
[2/2] Linking CXX executable cmTC_88c17


    Feature record: CXX_FEATURE:1cxx_aggregate_default_initializers
    Feature record: CXX_FEATURE:1cxx_alias_templates
    Feature record: CXX_FEATURE:1cxx_alignas
    Feature record: CXX_FEATURE:1cxx_alignof
    Feature record: CXX_FEATURE:1cxx_attributes
    Feature record: CXX_FEATURE:1cxx_attribute_deprecated
    Feature record: CXX_FEATURE:1cxx_auto_type
    Feature record: CXX_FEATURE:1cxx_binary_literals
    Feature record: CXX_FEATURE:1cxx_constexpr
    Feature record: CXX_FEATURE:1cxx_contextual_conversions
    Feature record: CXX_FEATURE:1cxx_decltype
    Feature record: CXX_FEATURE:1cxx_decltype_auto
    Feature record: CXX_FEATURE:1cxx_decltype_incomplete_return_types
    Feature record: CXX_FEATURE:1cxx_default_function_template_args
    Feature record: CXX_FEATURE:1cxx_defaulted_functions
    Feature record: CXX_FEATURE:1cxx_defaulted_move_initializers
    Feature record: CXX_FEATURE:1cxx_delegating_constructors
    Feature record: CXX_FEATURE:1cxx_deleted_functions
    Feature record: CXX_FEATURE:1cxx_digit_separators
    Feature record: CXX_FEATURE:1cxx_enum_forward_declarations
    Feature record: CXX_FEATURE:1cxx_explicit_conversions
    Feature record: CXX_FEATURE:1cxx_extended_friend_declarations
    Feature record: CXX_FEATURE:1cxx_extern_templates
    Feature record: CXX_FEATURE:1cxx_final
    Feature record: CXX_FEATURE:1cxx_func_identifier
    Feature record: CXX_FEATURE:1cxx_generalized_initializers
    Feature record: CXX_FEATURE:1cxx_generic_lambdas
    Feature record: CXX_FEATURE:1cxx_inheriting_constructors
    Feature record: CXX_FEATURE:1cxx_inline_namespaces
    Feature record: CXX_FEATURE:1cxx_lambdas
    Feature record: CXX_FEATURE:1cxx_lambda_init_captures
    Feature record: CXX_FEATURE:1cxx_local_type_template_args
    Feature record: CXX_FEATURE:1cxx_long_long_type
    Feature record: CXX_FEATURE:1cxx_noexcept
    Feature record: CXX_FEATURE:1cxx_nonstatic_member_init
    Feature record: CXX_FEATURE:1cxx_nullptr
    Feature record: CXX_FEATURE:1cxx_override
    Feature record: CXX_FEATURE:1cxx_range_for
    Feature record: CXX_FEATURE:1cxx_raw_string_literals
    Feature record: CXX_FEATURE:1cxx_reference_qualified_functions
    Feature record: CXX_FEATURE:1cxx_relaxed_constexpr
    Feature record: CXX_FEATURE:1cxx_return_type_deduction
    Feature record: CXX_FEATURE:1cxx_right_angle_brackets
    Feature record: CXX_FEATURE:1cxx_rvalue_references
    Feature record: CXX_FEATURE:1cxx_sizeof_member
    Feature record: CXX_FEATURE:1cxx_static_assert
    Feature record: CXX_FEATURE:1cxx_strong_enums
    Feature record: CXX_FEATURE:1cxx_template_template_parameters
    Feature record: CXX_FEATURE:1cxx_thread_local
    Feature record: CXX_FEATURE:1cxx_trailing_return_types
    Feature record: CXX_FEATURE:1cxx_unicode_literals
    Feature record: CXX_FEATURE:1cxx_uniform_initialization
    Feature record: CXX_FEATURE:1cxx_unrestricted_unions
    Feature record: CXX_FEATURE:1cxx_user_literals
    Feature record: CXX_FEATURE:1cxx_variable_templates
    Feature record: CXX_FEATURE:1cxx_variadic_macros
    Feature record: CXX_FEATURE:1cxx_variadic_templates


Detecting CXX [-std=c++17] compiler features compiled with the following output:
Change Dir: /home/bai/Desktop/freerdp-3.6.2/freerdp-build/CMakeFiles/CMakeTmp

Run Build Command:"/usr/bin/ninja" "cmTC_01efd"
[1/2] Building CXX object CMakeFiles/cmTC_01efd.dir/feature_tests.cxx.o
[2/2] Linking CXX executable cmTC_01efd


    Feature record: CXX_FEATURE:1cxx_aggregate_default_initializers
    Feature record: CXX_FEATURE:1cxx_alias_templates
    Feature record: CXX_FEATURE:1cxx_alignas
    Feature record: CXX_FEATURE:1cxx_alignof
    Feature record: CXX_FEATURE:1cxx_attributes
    Feature record: CXX_FEATURE:1cxx_attribute_deprecated
    Feature record: CXX_FEATURE:1cxx_auto_type
    Feature record: CXX_FEATURE:1cxx_binary_literals
    Feature record: CXX_FEATURE:1cxx_constexpr
    Feature record: CXX_FEATURE:1cxx_contextual_conversions
    Feature record: CXX_FEATURE:1cxx_decltype
    Feature record: CXX_FEATURE:1cxx_decltype_auto
    Feature record: CXX_FEATURE:1cxx_decltype_incomplete_return_types
    Feature record: CXX_FEATURE:1cxx_default_function_template_args
    Feature record: CXX_FEATURE:1cxx_defaulted_functions
    Feature record: CXX_FEATURE:1cxx_defaulted_move_initializers
    Feature record: CXX_FEATURE:1cxx_delegating_constructors
    Feature record: CXX_FEATURE:1cxx_deleted_functions
    Feature record: CXX_FEATURE:1cxx_digit_separators
    Feature record: CXX_FEATURE:1cxx_enum_forward_declarations
    Feature record: CXX_FEATURE:1cxx_explicit_conversions
    Feature record: CXX_FEATURE:1cxx_extended_friend_declarations
    Feature record: CXX_FEATURE:1cxx_extern_templates
    Feature record: CXX_FEATURE:1cxx_final
    Feature record: CXX_FEATURE:1cxx_func_identifier
    Feature record: CXX_FEATURE:1cxx_generalized_initializers
    Feature record: CXX_FEATURE:1cxx_generic_lambdas
    Feature record: CXX_FEATURE:1cxx_inheriting_constructors
    Feature record: CXX_FEATURE:1cxx_inline_namespaces
    Feature record: CXX_FEATURE:1cxx_lambdas
    Feature record: CXX_FEATURE:1cxx_lambda_init_captures
    Feature record: CXX_FEATURE:1cxx_local_type_template_args
    Feature record: CXX_FEATURE:1cxx_long_long_type
    Feature record: CXX_FEATURE:1cxx_noexcept
    Feature record: CXX_FEATURE:1cxx_nonstatic_member_init
    Feature record: CXX_FEATURE:1cxx_nullptr
    Feature record: CXX_FEATURE:1cxx_override
    Feature record: CXX_FEATURE:1cxx_range_for
    Feature record: CXX_FEATURE:1cxx_raw_string_literals
    Feature record: CXX_FEATURE:1cxx_reference_qualified_functions
    Feature record: CXX_FEATURE:1cxx_relaxed_constexpr
    Feature record: CXX_FEATURE:1cxx_return_type_deduction
    Feature record: CXX_FEATURE:1cxx_right_angle_brackets
    Feature record: CXX_FEATURE:1cxx_rvalue_references
    Feature record: CXX_FEATURE:1cxx_sizeof_member
    Feature record: CXX_FEATURE:1cxx_static_assert
    Feature record: CXX_FEATURE:1cxx_strong_enums
    Feature record: CXX_FEATURE:1cxx_template_template_parameters
    Feature record: CXX_FEATURE:1cxx_thread_local
    Feature record: CXX_FEATURE:1cxx_trailing_return_types
    Feature record: CXX_FEATURE:1cxx_unicode_literals
    Feature record: CXX_FEATURE:1cxx_uniform_initialization
    Feature record: CXX_FEATURE:1cxx_unrestricted_unions
    Feature record: CXX_FEATURE:1cxx_user_literals
    Feature record: CXX_FEATURE:1cxx_variable_templates
    Feature record: CXX_FEATURE:1cxx_variadic_macros
    Feature record: CXX_FEATURE:1cxx_variadic_templates


Detecting CXX [-std=c++14] compiler features compiled with the following output:
Change Dir: /home/bai/Desktop/freerdp-3.6.2/freerdp-build/CMakeFiles/CMakeTmp

Run Build Command:"/usr/bin/ninja" "cmTC_6b3ee"
[1/2] Building CXX object CMakeFiles/cmTC_6b3ee.dir/feature_tests.cxx.o
[2/2] Linking CXX executable cmTC_6b3ee


    Feature record: CXX_FEATURE:1cxx_aggregate_default_initializers
    Feature record: CXX_FEATURE:1cxx_alias_templates
    Feature record: CXX_FEATURE:1cxx_alignas
    Feature record: CXX_FEATURE:1cxx_alignof
    Feature record: CXX_FEATURE:1cxx_attributes
    Feature record: CXX_FEATURE:1cxx_attribute_deprecated
    Feature record: CXX_FEATURE:1cxx_auto_type
    Feature record: CXX_FEATURE:1cxx_binary_literals
    Feature record: CXX_FEATURE:1cxx_constexpr
    Feature record: CXX_FEATURE:1cxx_contextual_conversions
    Feature record: CXX_FEATURE:1cxx_decltype
    Feature record: CXX_FEATURE:1cxx_decltype_auto
    Feature record: CXX_FEATURE:1cxx_decltype_incomplete_return_types
    Feature record: CXX_FEATURE:1cxx_default_function_template_args
    Feature record: CXX_FEATURE:1cxx_defaulted_functions
    Feature record: CXX_FEATURE:1cxx_defaulted_move_initializers
    Feature record: CXX_FEATURE:1cxx_delegating_constructors
    Feature record: CXX_FEATURE:1cxx_deleted_functions
    Feature record: CXX_FEATURE:1cxx_digit_separators
    Feature record: CXX_FEATURE:1cxx_enum_forward_declarations
    Feature record: CXX_FEATURE:1cxx_explicit_conversions
    Feature record: CXX_FEATURE:1cxx_extended_friend_declarations
    Feature record: CXX_FEATURE:1cxx_extern_templates
    Feature record: CXX_FEATURE:1cxx_final
    Feature record: CXX_FEATURE:1cxx_func_identifier
    Feature record: CXX_FEATURE:1cxx_generalized_initializers
    Feature record: CXX_FEATURE:1cxx_generic_lambdas
    Feature record: CXX_FEATURE:1cxx_inheriting_constructors
    Feature record: CXX_FEATURE:1cxx_inline_namespaces
    Feature record: CXX_FEATURE:1cxx_lambdas
    Feature record: CXX_FEATURE:1cxx_lambda_init_captures
    Feature record: CXX_FEATURE:1cxx_local_type_template_args
    Feature record: CXX_FEATURE:1cxx_long_long_type
    Feature record: CXX_FEATURE:1cxx_noexcept
    Feature record: CXX_FEATURE:1cxx_nonstatic_member_init
    Feature record: CXX_FEATURE:1cxx_nullptr
    Feature record: CXX_FEATURE:1cxx_override
    Feature record: CXX_FEATURE:1cxx_range_for
    Feature record: CXX_FEATURE:1cxx_raw_string_literals
    Feature record: CXX_FEATURE:1cxx_reference_qualified_functions
    Feature record: CXX_FEATURE:1cxx_relaxed_constexpr
    Feature record: CXX_FEATURE:1cxx_return_type_deduction
    Feature record: CXX_FEATURE:1cxx_right_angle_brackets
    Feature record: CXX_FEATURE:1cxx_rvalue_references
    Feature record: CXX_FEATURE:1cxx_sizeof_member
    Feature record: CXX_FEATURE:1cxx_static_assert
    Feature record: CXX_FEATURE:1cxx_strong_enums
    Feature record: CXX_FEATURE:1cxx_template_template_parameters
    Feature record: CXX_FEATURE:1cxx_thread_local
    Feature record: CXX_FEATURE:1cxx_trailing_return_types
    Feature record: CXX_FEATURE:1cxx_unicode_literals
    Feature record: CXX_FEATURE:1cxx_uniform_initialization
    Feature record: CXX_FEATURE:1cxx_unrestricted_unions
    Feature record: CXX_FEATURE:1cxx_user_literals
    Feature record: CXX_FEATURE:1cxx_variable_templates
    Feature record: CXX_FEATURE:1cxx_variadic_macros
    Feature record: CXX_FEATURE:1cxx_variadic_templates


Detecting CXX [-std=c++11] compiler features compiled with the following output:
Change Dir: /home/bai/Desktop/freerdp-3.6.2/freerdp-build/CMakeFiles/CMakeTmp

Run Build Command:"/usr/bin/ninja" "cmTC_c1f20"
[1/2] Building CXX object CMakeFiles/cmTC_c1f20.dir/feature_tests.cxx.o
[2/2] Linking CXX executable cmTC_c1f20


    Feature record: CXX_FEATURE:0cxx_aggregate_default_initializers
    Feature record: CXX_FEATURE:1cxx_alias_templates
    Feature record: CXX_FEATURE:1cxx_alignas
    Feature record: CXX_FEATURE:1cxx_alignof
    Feature record: CXX_FEATURE:1cxx_attributes
    Feature record: CXX_FEATURE:0cxx_attribute_deprecated
    Feature record: CXX_FEATURE:1cxx_auto_type
    Feature record: CXX_FEATURE:0cxx_binary_literals
    Feature record: CXX_FEATURE:1cxx_constexpr
    Feature record: CXX_FEATURE:0cxx_contextual_conversions
    Feature record: CXX_FEATURE:1cxx_decltype
    Feature record: CXX_FEATURE:0cxx_decltype_auto
    Feature record: CXX_FEATURE:1cxx_decltype_incomplete_return_types
    Feature record: CXX_FEATURE:1cxx_default_function_template_args
    Feature record: CXX_FEATURE:1cxx_defaulted_functions
    Feature record: CXX_FEATURE:1cxx_defaulted_move_initializers
    Feature record: CXX_FEATURE:1cxx_delegating_constructors
    Feature record: CXX_FEATURE:1cxx_deleted_functions
    Feature record: CXX_FEATURE:0cxx_digit_separators
    Feature record: CXX_FEATURE:1cxx_enum_forward_declarations
    Feature record: CXX_FEATURE:1cxx_explicit_conversions
    Feature record: CXX_FEATURE:1cxx_extended_friend_declarations
    Feature record: CXX_FEATURE:1cxx_extern_templates
    Feature record: CXX_FEATURE:1cxx_final
    Feature record: CXX_FEATURE:1cxx_func_identifier
    Feature record: CXX_FEATURE:1cxx_generalized_initializers
    Feature record: CXX_FEATURE:0cxx_generic_lambdas
    Feature record: CXX_FEATURE:1cxx_inheriting_constructors
    Feature record: CXX_FEATURE:1cxx_inline_namespaces
    Feature record: CXX_FEATURE:1cxx_lambdas
    Feature record: CXX_FEATURE:0cxx_lambda_init_captures
    Feature record: CXX_FEATURE:1cxx_local_type_template_args
    Feature record: CXX_FEATURE:1cxx_long_long_type
    Feature record: CXX_FEATURE:1cxx_noexcept
    Feature record: CXX_FEATURE:1cxx_nonstatic_member_init
    Feature record: CXX_FEATURE:1cxx_nullptr
    Feature record: CXX_FEATURE:1cxx_override
    Feature record: CXX_FEATURE:1cxx_range_for
    Feature record: CXX_FEATURE:1cxx_raw_string_literals
    Feature record: CXX_FEATURE:1cxx_reference_qualified_functions
    Feature record: CXX_FEATURE:0cxx_relaxed_constexpr
    Feature record: CXX_FEATURE:0cxx_return_type_deduction
    Feature record: CXX_FEATURE:1cxx_right_angle_brackets
    Feature record: CXX_FEATURE:1cxx_rvalue_references
    Feature record: CXX_FEATURE:1cxx_sizeof_member
    Feature record: CXX_FEATURE:1cxx_static_assert
    Feature record: CXX_FEATURE:1cxx_strong_enums
    Feature record: CXX_FEATURE:1cxx_template_template_parameters
    Feature record: CXX_FEATURE:1cxx_thread_local
    Feature record: CXX_FEATURE:1cxx_trailing_return_types
    Feature record: CXX_FEATURE:1cxx_unicode_literals
    Feature record: CXX_FEATURE:1cxx_uniform_initialization
    Feature record: CXX_FEATURE:1cxx_unrestricted_unions
    Feature record: CXX_FEATURE:1cxx_user_literals
    Feature record: CXX_FEATURE:0cxx_variable_templates
    Feature record: CXX_FEATURE:1cxx_variadic_macros
    Feature record: CXX_FEATURE:1cxx_variadic_templates


Detecting CXX [-std=c++98] compiler features compiled with the following output:
Change Dir: /home/bai/Desktop/freerdp-3.6.2/freerdp-build/CMakeFiles/CMakeTmp

Run Build Command:"/usr/bin/ninja" "cmTC_109ba"
[1/2] Building CXX object CMakeFiles/cmTC_109ba.dir/feature_tests.cxx.o
[2/2] Linking CXX executable cmTC_109ba


    Feature record: CXX_FEATURE:0cxx_aggregate_default_initializers
    Feature record: CXX_FEATURE:0cxx_alias_templates
    Feature record: CXX_FEATURE:0cxx_alignas
    Feature record: CXX_FEATURE:0cxx_alignof
    Feature record: CXX_FEATURE:0cxx_attributes
    Feature record: CXX_FEATURE:0cxx_attribute_deprecated
    Feature record: CXX_FEATURE:0cxx_auto_type
    Feature record: CXX_FEATURE:0cxx_binary_literals
    Feature record: CXX_FEATURE:0cxx_constexpr
    Feature record: CXX_FEATURE:0cxx_contextual_conversions
    Feature record: CXX_FEATURE:0cxx_decltype
    Feature record: CXX_FEATURE:0cxx_decltype_auto
    Feature record: CXX_FEATURE:0cxx_decltype_incomplete_return_types
    Feature record: CXX_FEATURE:0cxx_default_function_template_args
    Feature record: CXX_FEATURE:0cxx_defaulted_functions
    Feature record: CXX_FEATURE:0cxx_defaulted_move_initializers
    Feature record: CXX_FEATURE:0cxx_delegating_constructors
    Feature record: CXX_FEATURE:0cxx_deleted_functions
    Feature record: CXX_FEATURE:0cxx_digit_separators
    Feature record: CXX_FEATURE:0cxx_enum_forward_declarations
    Feature record: CXX_FEATURE:0cxx_explicit_conversions
    Feature record: CXX_FEATURE:0cxx_extended_friend_declarations
    Feature record: CXX_FEATURE:0cxx_extern_templates
    Feature record: CXX_FEATURE:0cxx_final
    Feature record: CXX_FEATURE:0cxx_func_identifier
    Feature record: CXX_FEATURE:0cxx_generalized_initializers
    Feature record: CXX_FEATURE:0cxx_generic_lambdas
    Feature record: CXX_FEATURE:0cxx_inheriting_constructors
    Feature record: CXX_FEATURE:0cxx_inline_namespaces
    Feature record: CXX_FEATURE:0cxx_lambdas
    Feature record: CXX_FEATURE:0cxx_lambda_init_captures
    Feature record: CXX_FEATURE:0cxx_local_type_template_args
    Feature record: CXX_FEATURE:0cxx_long_long_type
    Feature record: CXX_FEATURE:0cxx_noexcept
    Feature record: CXX_FEATURE:0cxx_nonstatic_member_init
    Feature record: CXX_FEATURE:0cxx_nullptr
    Feature record: CXX_FEATURE:0cxx_override
    Feature record: CXX_FEATURE:0cxx_range_for
    Feature record: CXX_FEATURE:0cxx_raw_string_literals
    Feature record: CXX_FEATURE:0cxx_reference_qualified_functions
    Feature record: CXX_FEATURE:0cxx_relaxed_constexpr
    Feature record: CXX_FEATURE:0cxx_return_type_deduction
    Feature record: CXX_FEATURE:0cxx_right_angle_brackets
    Feature record: CXX_FEATURE:0cxx_rvalue_references
    Feature record: CXX_FEATURE:0cxx_sizeof_member
    Feature record: CXX_FEATURE:0cxx_static_assert
    Feature record: CXX_FEATURE:0cxx_strong_enums
    Feature record: CXX_FEATURE:1cxx_template_template_parameters
    Feature record: CXX_FEATURE:0cxx_thread_local
    Feature record: CXX_FEATURE:0cxx_trailing_return_types
    Feature record: CXX_FEATURE:0cxx_unicode_literals
    Feature record: CXX_FEATURE:0cxx_uniform_initialization
    Feature record: CXX_FEATURE:0cxx_unrestricted_unions
    Feature record: CXX_FEATURE:0cxx_user_literals
    Feature record: CXX_FEATURE:0cxx_variable_templates
    Feature record: CXX_FEATURE:0cxx_variadic_macros
    Feature record: CXX_FEATURE:0cxx_variadic_templates
